2025-04-15 19:35:07 Loading main app package /usr/lib/obsidian/obsidian.asar
2025-04-15 19:35:07 Checking for update using Github
2025-04-15 19:35:08 Success.
2025-04-15 19:35:08 Latest version is 1.8.9
2025-04-15 19:35:08 App is up to date.
2025-04-15 19:36:09 Loading main app package /usr/lib/obsidian/obsidian.asar
2025-04-15 19:36:09 Checking for update using Github
2025-04-15 19:36:09 Success.
2025-04-15 19:36:09 Latest version is 1.8.9
2025-04-15 19:36:09 App is up to date.
2025-04-15 19:36:56 Loading main app package /usr/lib/obsidian/obsidian.asar
2025-04-15 19:36:56 Checking for update using Github
2025-04-15 19:36:56 Success.
2025-04-15 19:36:56 Latest version is 1.8.9
2025-04-15 19:36:56 App is up to date.
2025-04-15 19:38:06 Loading main app package /usr/lib/obsidian/obsidian.asar
2025-04-15 19:38:07 Checking for update using Github
2025-04-15 19:38:07 Success.
2025-04-15 19:38:07 Latest version is 1.8.9
2025-04-15 19:38:07 App is up to date.
2025-04-15 19:38:35 Loading main app package /usr/lib/obsidian/obsidian.asar
2025-04-15 19:38:36 Checking for update using Github
2025-04-15 19:38:36 Success.
2025-04-15 19:38:36 Latest version is 1.8.9
2025-04-15 19:38:36 App is up to date.
2025-04-19 19:08:47 Loading main app package /usr/lib/obsidian/obsidian.asar
2025-04-19 19:08:48 Checking for update using Github
2025-04-19 19:08:48 Success.
2025-04-19 19:08:48 Latest version is 1.8.9
2025-04-19 19:08:48 App is up to date.
2025-04-19 19:08:50 Loading main app package /usr/lib/obsidian/obsidian.asar
2025-04-19 19:08:50 Checking for update using Github
2025-05-08 09:14:14 Loading main app package /usr/lib/obsidian/obsidian.asar
2025-05-08 09:14:14 Checking for update using Github
2025-05-08 09:14:14 Success.
2025-05-08 09:14:14 Latest version is 1.8.10
2025-05-08 09:14:14 App is up to date.
2025-05-08 09:14:33 Loading main app package /usr/lib/obsidian/obsidian.asar
2025-05-08 09:14:34 Checking for update using Github
2025-05-08 09:14:34 Success.
2025-05-08 09:14:34 Latest version is 1.8.10
2025-05-08 09:14:34 App is up to date.
2025-05-08 09:16:59 Loading main app package /usr/lib/obsidian/obsidian.asar
2025-05-08 09:16:59 Checking for update using Github
2025-05-08 09:16:59 Success.
2025-05-08 09:16:59 Latest version is 1.8.10
2025-05-08 09:16:59 App is up to date.
2025-05-08 09:20:07 Loading main app package /usr/lib/obsidian/obsidian.asar
2025-05-08 09:20:07 Checking for update using Github
2025-05-08 09:20:07 Success.
2025-05-08 09:20:07 Latest version is 1.8.10
2025-05-08 09:20:07 App is up to date.
2025-05-08 09:20:19 Loading main app package /usr/lib/obsidian/obsidian.asar
2025-05-08 09:20:19 Checking for update using Github
2025-05-08 09:20:19 Success.
2025-05-08 09:20:19 Latest version is 1.8.10
2025-05-08 09:20:19 App is up to date.
2025-05-08 09:21:02 Loading main app package /usr/lib/obsidian/obsidian.asar
2025-05-08 09:21:02 Checking for update using Github
2025-05-08 09:21:02 Success.
2025-05-08 09:21:02 Latest version is 1.8.10
2025-05-08 09:21:02 App is up to date.
2025-05-08 09:21:11 Loading main app package /usr/lib/obsidian/obsidian.asar
2025-05-08 09:21:11 Checking for update using Github
2025-05-08 09:21:11 Success.
2025-05-08 09:21:11 Latest version is 1.8.10
2025-05-08 09:21:11 App is up to date.
2025-05-08 09:21:32 Loading main app package /usr/lib/obsidian/obsidian.asar
2025-05-08 09:21:32 Checking for update using Github
2025-05-08 09:21:32 Success.
2025-05-08 09:21:32 Latest version is 1.8.10
2025-05-08 09:21:32 App is up to date.
2025-05-08 09:21:42 Loading main app package /usr/lib/obsidian/obsidian.asar
2025-05-08 09:21:42 Checking for update using Github
2025-05-08 09:21:42 Success.
2025-05-08 09:21:42 Latest version is 1.8.10
2025-05-08 09:21:42 App is up to date.
2025-05-08 09:24:21 Loading main app package /usr/lib/obsidian/obsidian.asar
2025-05-08 09:24:22 Checking for update using Github
2025-05-08 09:24:22 Success.
2025-05-08 09:24:22 Latest version is 1.8.10
2025-05-08 09:24:22 App is up to date.
2025-05-08 09:24:36 Loading main app package /usr/lib/obsidian/obsidian.asar
2025-05-08 09:24:36 Checking for update using Github
2025-05-08 09:24:36 Success.
2025-05-08 09:24:36 Latest version is 1.8.10
2025-05-08 09:24:36 App is up to date.
2025-05-08 09:24:49 Loading main app package /usr/lib/obsidian/obsidian.asar
2025-05-08 09:24:49 Checking for update using Github
2025-05-08 09:24:49 Success.
2025-05-08 09:24:49 Latest version is 1.8.10
2025-05-08 09:24:49 App is up to date.
2025-05-08 09:25:07 Loading main app package /usr/lib/obsidian/obsidian.asar
2025-05-08 09:25:07 Checking for update using Github
2025-05-08 09:25:11 Success.
2025-05-08 09:25:11 Latest version is 1.8.10
2025-05-08 09:25:11 App is up to date.
2025-05-08 09:25:24 Loading main app package /usr/lib/obsidian/obsidian.asar
2025-05-08 09:25:24 Checking for update using Github
2025-05-08 09:25:25 Success.
2025-05-08 09:25:25 Latest version is 1.8.10
2025-05-08 09:25:25 App is up to date.
2025-05-08 09:25:54 Loading main app package /usr/lib/obsidian/obsidian.asar
2025-05-08 09:25:55 Checking for update using Github
2025-05-08 09:25:55 Success.
2025-05-08 09:25:55 Latest version is 1.8.10
2025-05-08 09:25:55 App is up to date.
2025-05-08 09:26:30 Loading main app package /usr/lib/obsidian/obsidian.asar
2025-05-08 09:26:31 Checking for update using Github
2025-05-08 09:26:31 Success.
2025-05-08 09:26:31 Latest version is 1.8.10
2025-05-08 09:26:31 App is up to date.
2025-05-08 09:26:38 Loading main app package /usr/lib/obsidian/obsidian.asar
2025-05-08 09:26:38 Checking for update using Github
2025-05-08 09:26:38 Success.
2025-05-08 09:26:38 Latest version is 1.8.10
2025-05-08 09:26:38 App is up to date.
2025-05-08 09:26:59 Loading main app package /usr/lib/obsidian/obsidian.asar
2025-05-08 09:26:59 Checking for update using Github
2025-05-08 09:26:59 Success.
2025-05-08 09:26:59 Latest version is 1.8.10
2025-05-08 09:26:59 App is up to date.
2025-05-08 09:27:45 Loading main app package /usr/lib/obsidian/obsidian.asar
2025-05-08 09:27:45 Checking for update using Github
2025-05-08 09:27:45 Success.
2025-05-08 09:27:45 Latest version is 1.8.10
2025-05-08 09:27:45 App is up to date.
2025-05-08 09:28:05 Loading main app package /usr/lib/obsidian/obsidian.asar
2025-05-08 09:28:05 Checking for update using Github
2025-05-08 09:28:06 Success.
2025-05-08 09:28:06 Latest version is 1.8.10
2025-05-08 09:28:06 App is up to date.
2025-05-08 09:28:19 Loading main app package /usr/lib/obsidian/obsidian.asar
2025-05-08 09:28:19 Checking for update using Github
2025-05-08 09:28:19 Success.
2025-05-08 09:28:19 Latest version is 1.8.10
2025-05-08 09:28:19 App is up to date.
2025-05-08 09:28:44 Loading main app package /usr/lib/obsidian/obsidian.asar
2025-05-08 09:28:44 Checking for update using Github
2025-05-08 09:28:59 Loading main app package /usr/lib/obsidian/obsidian.asar
2025-05-08 09:29:00 Checking for update using Github
2025-05-08 09:29:00 Success.
2025-05-08 09:29:00 Latest version is 1.8.10
2025-05-08 09:29:00 App is up to date.
2025-05-08 09:29:05 Loading main app package /usr/lib/obsidian/obsidian.asar
2025-05-08 09:29:05 Checking for update using Github
2025-05-08 09:29:17 Loading main app package /usr/lib/obsidian/obsidian.asar
2025-05-08 09:29:17 Checking for update using Github
2025-05-08 09:29:23 Loading main app package /usr/lib/obsidian/obsidian.asar
2025-05-08 09:29:23 Checking for update using Github
